<?xml version="1.0" encoding="UTF-8"?>
<testsuite name="DollarCalculatorTest" tests="1" skipped="0" failures="0" errors="0" timestamp="2022-08-23T14:07:57" hostname="seook112ui-MacBookPro.local" time="0.36">
  <properties/>
  <testcase name="mockTest()" classname="DollarCalculatorTest" time="0.36"/>
  <system-out><![CDATA[60000
]]></system-out>
  <system-err><![CDATA[]]></system-err>
</testsuite>
